\BOOKMARK [0][-]{chapter.1}{\376\377\0001\000\040\000A\000p\000o\000\040\000L\000i\000g\000h\000t\000\040\000C\000o\000n\000t\000r\000o\000l}{}% 1
\BOOKMARK [1][-]{section.1.1}{\376\377\0001\000.\0001\000\040\000I\000n\000t\000r\000o\000d\000u\000c\000t\000i\000o\000n}{chapter.1}% 2
\BOOKMARK [0][-]{chapter.2}{\376\377\0002\000\040\000M\000o\000d\000u\000l\000e\000\040\000I\000n\000d\000e\000x}{}% 3
\BOOKMARK [1][-]{section.2.1}{\376\377\0002\000.\0001\000\040\000M\000o\000d\000u\000l\000e\000s}{chapter.2}% 4
\BOOKMARK [0][-]{chapter.3}{\376\377\0003\000\040\000N\000a\000m\000e\000s\000p\000a\000c\000e\000\040\000I\000n\000d\000e\000x}{}% 5
\BOOKMARK [1][-]{section.3.1}{\376\377\0003\000.\0001\000\040\000N\000a\000m\000e\000s\000p\000a\000c\000e\000\040\000L\000i\000s\000t}{chapter.3}% 6
\BOOKMARK [0][-]{chapter.4}{\376\377\0004\000\040\000H\000i\000e\000r\000a\000r\000c\000h\000i\000c\000a\000l\000\040\000I\000n\000d\000e\000x}{}% 7
\BOOKMARK [1][-]{section.4.1}{\376\377\0004\000.\0001\000\040\000C\000l\000a\000s\000s\000\040\000H\000i\000e\000r\000a\000r\000c\000h\000y}{chapter.4}% 8
\BOOKMARK [0][-]{chapter.5}{\376\377\0005\000\040\000C\000l\000a\000s\000s\000\040\000I\000n\000d\000e\000x}{}% 9
\BOOKMARK [1][-]{section.5.1}{\376\377\0005\000.\0001\000\040\000C\000l\000a\000s\000s\000\040\000L\000i\000s\000t}{chapter.5}% 10
\BOOKMARK [0][-]{chapter.6}{\376\377\0006\000\040\000M\000o\000d\000u\000l\000e\000\040\000D\000o\000c\000u\000m\000e\000n\000t\000a\000t\000i\000o\000n}{}% 11
\BOOKMARK [1][-]{section.6.1}{\376\377\0006\000.\0001\000\040\000S\000c\000r\000e\000e\000n\000s\000\040\000m\000o\000d\000u\000l\000e}{chapter.6}% 12
\BOOKMARK [2][-]{subsection.6.1.1}{\376\377\0006\000.\0001\000.\0001\000\040\000D\000e\000t\000a\000i\000l\000e\000d\000\040\000D\000e\000s\000c\000r\000i\000p\000t\000i\000o\000n}{section.6.1}% 13
\BOOKMARK [1][-]{section.6.2}{\376\377\0006\000.\0002\000\040\000U\000t\000i\000l\000i\000t\000i\000e\000s\000\040\000m\000o\000d\000u\000l\000e}{chapter.6}% 14
\BOOKMARK [2][-]{subsection.6.2.1}{\376\377\0006\000.\0002\000.\0001\000\040\000D\000e\000t\000a\000i\000l\000e\000d\000\040\000D\000e\000s\000c\000r\000i\000p\000t\000i\000o\000n}{section.6.2}% 15
\BOOKMARK [1][-]{section.6.3}{\376\377\0006\000.\0003\000\040\000N\000e\000t\000w\000o\000r\000k\000i\000n\000g\000\040\000a\000n\000d\000\040\000t\000h\000r\000e\000a\000d\000i\000n\000g\000\040\000m\000o\000d\000u\000l\000e}{chapter.6}% 16
\BOOKMARK [2][-]{subsection.6.3.1}{\376\377\0006\000.\0003\000.\0001\000\040\000D\000e\000t\000a\000i\000l\000e\000d\000\040\000D\000e\000s\000c\000r\000i\000p\000t\000i\000o\000n}{section.6.3}% 17
\BOOKMARK [1][-]{section.6.4}{\376\377\0006\000.\0004\000\040\000U\000n\000i\000t\000\040\000m\000o\000d\000u\000l\000e}{chapter.6}% 18
\BOOKMARK [2][-]{subsection.6.4.1}{\376\377\0006\000.\0004\000.\0001\000\040\000D\000e\000t\000a\000i\000l\000e\000d\000\040\000D\000e\000s\000c\000r\000i\000p\000t\000i\000o\000n}{section.6.4}% 19
\BOOKMARK [0][-]{chapter.7}{\376\377\0007\000\040\000N\000a\000m\000e\000s\000p\000a\000c\000e\000\040\000D\000o\000c\000u\000m\000e\000n\000t\000a\000t\000i\000o\000n}{}% 20
\BOOKMARK [1][-]{section.7.1}{\376\377\0007\000.\0001\000\040\000C\000o\000l\000o\000u\000r\000\040\000N\000a\000m\000e\000s\000p\000a\000c\000e\000\040\000R\000e\000f\000e\000r\000e\000n\000c\000e}{chapter.7}% 21
\BOOKMARK [2][-]{subsection.7.1.1}{\376\377\0007\000.\0001\000.\0001\000\040\000D\000e\000t\000a\000i\000l\000e\000d\000\040\000D\000e\000s\000c\000r\000i\000p\000t\000i\000o\000n}{section.7.1}% 22
\BOOKMARK [2][-]{subsection.7.1.2}{\376\377\0007\000.\0001\000.\0002\000\040\000F\000u\000n\000c\000t\000i\000o\000n\000\040\000D\000o\000c\000u\000m\000e\000n\000t\000a\000t\000i\000o\000n}{section.7.1}% 23
\BOOKMARK [3][-]{subsubsection.7.1.2.1}{\376\377\0007\000.\0001\000.\0002\000.\0001\000\040\000c\000h\000a\000n\000g\000e\000B\000\050\000\051}{subsection.7.1.2}% 24
\BOOKMARK [3][-]{subsubsection.7.1.2.2}{\376\377\0007\000.\0001\000.\0002\000.\0002\000\040\000c\000h\000a\000n\000g\000e\000G\000\050\000\051}{subsection.7.1.2}% 25
\BOOKMARK [3][-]{subsubsection.7.1.2.3}{\376\377\0007\000.\0001\000.\0002\000.\0003\000\040\000c\000h\000a\000n\000g\000e\000R\000\050\000\051}{subsection.7.1.2}% 26
\BOOKMARK [3][-]{subsubsection.7.1.2.4}{\376\377\0007\000.\0001\000.\0002\000.\0004\000\040\000f\000r\000o\000m\000R\000G\000B\000\050\000\051}{subsection.7.1.2}% 27
\BOOKMARK [3][-]{subsubsection.7.1.2.5}{\376\377\0007\000.\0001\000.\0002\000.\0005\000\040\000g\000e\000t\000B\000\050\000\051}{subsection.7.1.2}% 28
\BOOKMARK [3][-]{subsubsection.7.1.2.6}{\376\377\0007\000.\0001\000.\0002\000.\0006\000\040\000g\000e\000t\000G\000\050\000\051}{subsection.7.1.2}% 29
\BOOKMARK [3][-]{subsubsection.7.1.2.7}{\376\377\0007\000.\0001\000.\0002\000.\0007\000\040\000g\000e\000t\000R\000\050\000\051}{subsection.7.1.2}% 30
\BOOKMARK [3][-]{subsubsection.7.1.2.8}{\376\377\0007\000.\0001\000.\0002\000.\0008\000\040\000r\000g\000b\0005\0006\0005\000t\000o\0008\0008\0008\000\050\000\051}{subsection.7.1.2}% 31
\BOOKMARK [3][-]{subsubsection.7.1.2.9}{\376\377\0007\000.\0001\000.\0002\000.\0009\000\040\000r\000g\000b\0008\0008\0008\000t\000o\0005\0006\0005\000\050\000\051}{subsection.7.1.2}% 32
\BOOKMARK [3][-]{subsubsection.7.1.2.10}{\376\377\0007\000.\0001\000.\0002\000.\0001\0000\000\040\000s\000e\000t\000B\000\050\000\051}{subsection.7.1.2}% 33
\BOOKMARK [3][-]{subsubsection.7.1.2.11}{\376\377\0007\000.\0001\000.\0002\000.\0001\0001\000\040\000s\000e\000t\000G\000\050\000\051}{subsection.7.1.2}% 34
\BOOKMARK [3][-]{subsubsection.7.1.2.12}{\376\377\0007\000.\0001\000.\0002\000.\0001\0002\000\040\000s\000e\000t\000R\000\050\000\051}{subsection.7.1.2}% 35
\BOOKMARK [3][-]{subsubsection.7.1.2.13}{\376\377\0007\000.\0001\000.\0002\000.\0001\0003\000\040\000t\000o\000H\000e\000x\000S\000t\000r\000i\000n\000g\000\050\000\051}{subsection.7.1.2}% 36
\BOOKMARK [3][-]{subsubsection.7.1.2.14}{\376\377\0007\000.\0001\000.\0002\000.\0001\0004\000\040\000t\000o\000R\000G\000B\000S\000t\000r\000i\000n\000g\000\050\000\051}{subsection.7.1.2}% 37
\BOOKMARK [1][-]{section.7.2}{\376\377\0007\000.\0002\000\040\000E\000n\000g\000i\000n\000e\000\040\000N\000a\000m\000e\000s\000p\000a\000c\000e\000\040\000R\000e\000f\000e\000r\000e\000n\000c\000e}{chapter.7}% 38
\BOOKMARK [2][-]{subsection.7.2.1}{\376\377\0007\000.\0002\000.\0001\000\040\000D\000e\000t\000a\000i\000l\000e\000d\000\040\000D\000e\000s\000c\000r\000i\000p\000t\000i\000o\000n}{section.7.2}% 39
\BOOKMARK [2][-]{subsection.7.2.2}{\376\377\0007\000.\0002\000.\0002\000\040\000F\000u\000n\000c\000t\000i\000o\000n\000\040\000D\000o\000c\000u\000m\000e\000n\000t\000a\000t\000i\000o\000n}{section.7.2}% 40
\BOOKMARK [3][-]{subsubsection.7.2.2.1}{\376\377\0007\000.\0002\000.\0002\000.\0001\000\040\000r\000u\000n\000\050\000\051}{subsection.7.2.2}% 41
\BOOKMARK [1][-]{section.7.3}{\376\377\0007\000.\0003\000\040\000I\000O\000T\000o\000o\000l\000s\000\040\000N\000a\000m\000e\000s\000p\000a\000c\000e\000\040\000R\000e\000f\000e\000r\000e\000n\000c\000e}{chapter.7}% 42
\BOOKMARK [2][-]{subsection.7.3.1}{\376\377\0007\000.\0003\000.\0001\000\040\000D\000e\000t\000a\000i\000l\000e\000d\000\040\000D\000e\000s\000c\000r\000i\000p\000t\000i\000o\000n}{section.7.3}% 43
\BOOKMARK [2][-]{subsection.7.3.2}{\376\377\0007\000.\0003\000.\0002\000\040\000F\000u\000n\000c\000t\000i\000o\000n\000\040\000D\000o\000c\000u\000m\000e\000n\000t\000a\000t\000i\000o\000n}{section.7.3}% 44
\BOOKMARK [3][-]{subsubsection.7.3.2.1}{\376\377\0007\000.\0003\000.\0002\000.\0001\000\040\000f\000i\000l\000e\000E\000x\000i\000s\000t\000s\000\050\000\051}{subsection.7.3.2}% 45
\BOOKMARK [3][-]{subsubsection.7.3.2.2}{\376\377\0007\000.\0003\000.\0002\000.\0002\000\040\000l\000o\000a\000d\000I\000m\000a\000g\000e\0001\0006\000x\0001\0006\000\050\000\051}{subsection.7.3.2}% 46
\BOOKMARK [1][-]{section.7.4}{\376\377\0007\000.\0004\000\040\000L\000e\000d\000C\000o\000n\000t\000r\000o\000l\000l\000e\000r\000\040\000N\000a\000m\000e\000s\000p\000a\000c\000e\000\040\000R\000e\000f\000e\000r\000e\000n\000c\000e}{chapter.7}% 47
\BOOKMARK [2][-]{subsection.7.4.1}{\376\377\0007\000.\0004\000.\0001\000\040\000D\000e\000t\000a\000i\000l\000e\000d\000\040\000D\000e\000s\000c\000r\000i\000p\000t\000i\000o\000n}{section.7.4}% 48
\BOOKMARK [2][-]{subsection.7.4.2}{\376\377\0007\000.\0004\000.\0002\000\040\000F\000u\000n\000c\000t\000i\000o\000n\000\040\000D\000o\000c\000u\000m\000e\000n\000t\000a\000t\000i\000o\000n}{section.7.4}% 49
\BOOKMARK [3][-]{subsubsection.7.4.2.1}{\376\377\0007\000.\0004\000.\0002\000.\0001\000\040\000s\000e\000t\000L\000E\000D\0001\000\050\000\051}{subsection.7.4.2}% 50
\BOOKMARK [3][-]{subsubsection.7.4.2.2}{\376\377\0007\000.\0004\000.\0002\000.\0002\000\040\000s\000e\000t\000L\000E\000D\0002\000\050\000\051}{subsection.7.4.2}% 51
\BOOKMARK [3][-]{subsubsection.7.4.2.3}{\376\377\0007\000.\0004\000.\0002\000.\0003\000\040\000s\000e\000t\000L\000E\000D\000L\000i\000n\000e\000\050\000\051}{subsection.7.4.2}% 52
\BOOKMARK [0][-]{chapter.8}{\376\377\0008\000\040\000C\000l\000a\000s\000s\000\040\000D\000o\000c\000u\000m\000e\000n\000t\000a\000t\000i\000o\000n}{}% 53
\BOOKMARK [1][-]{section.8.1}{\376\377\0008\000.\0001\000\040\000N\000e\000t\000w\000o\000r\000k\000H\000a\000n\000d\000l\000e\000r\000:\000:\000B\000r\000o\000a\000d\000c\000a\000s\000t\000M\000e\000s\000s\000a\000g\000e\000\040\000S\000t\000r\000u\000c\000t\000\040\000R\000e\000f\000e\000r\000e\000n\000c\000e}{chapter.8}% 54
\BOOKMARK [2][-]{subsection.8.1.1}{\376\377\0008\000.\0001\000.\0001\000\040\000D\000e\000t\000a\000i\000l\000e\000d\000\040\000D\000e\000s\000c\000r\000i\000p\000t\000i\000o\000n}{section.8.1}% 55
\BOOKMARK [1][-]{section.8.2}{\376\377\0008\000.\0002\000\040\000S\000c\000r\000e\000e\000n\000:\000:\000C\000o\000l\000o\000r\000S\000q\000u\000a\000r\000e\000L\000i\000n\000e\000E\000l\000e\000m\000e\000n\000t\000\040\000C\000l\000a\000s\000s\000\040\000R\000e\000f\000e\000r\000e\000n\000c\000e}{chapter.8}% 56
\BOOKMARK [2][-]{subsection.8.2.1}{\376\377\0008\000.\0002\000.\0001\000\040\000D\000e\000t\000a\000i\000l\000e\000d\000\040\000D\000e\000s\000c\000r\000i\000p\000t\000i\000o\000n}{section.8.2}% 57
\BOOKMARK [2][-]{subsection.8.2.2}{\376\377\0008\000.\0002\000.\0002\000\040\000C\000o\000n\000s\000t\000r\000u\000c\000t\000o\000r\000\040\000\046\000\040\000D\000e\000s\000t\000r\000u\000c\000t\000o\000r\000\040\000D\000o\000c\000u\000m\000e\000n\000t\000a\000t\000i\000o\000n}{section.8.2}% 58
\BOOKMARK [3][-]{subsubsection.8.2.2.1}{\376\377\0008\000.\0002\000.\0002\000.\0001\000\040\000C\000o\000l\000o\000r\000S\000q\000u\000a\000r\000e\000L\000i\000n\000e\000E\000l\000e\000m\000e\000n\000t\000\050\000\051\000\040\000[\0001\000/\0002\000]}{subsection.8.2.2}% 59
\BOOKMARK [3][-]{subsubsection.8.2.2.2}{\376\377\0008\000.\0002\000.\0002\000.\0002\000\040\000C\000o\000l\000o\000r\000S\000q\000u\000a\000r\000e\000L\000i\000n\000e\000E\000l\000e\000m\000e\000n\000t\000\050\000\051\000\040\000[\0002\000/\0002\000]}{subsection.8.2.2}% 60
\BOOKMARK [2][-]{subsection.8.2.3}{\376\377\0008\000.\0002\000.\0003\000\040\000M\000e\000m\000b\000e\000r\000\040\000F\000u\000n\000c\000t\000i\000o\000n\000\040\000D\000o\000c\000u\000m\000e\000n\000t\000a\000t\000i\000o\000n}{section.8.2}% 61
\BOOKMARK [3][-]{subsubsection.8.2.3.1}{\376\377\0008\000.\0002\000.\0003\000.\0001\000\040\000r\000e\000n\000d\000e\000r\000S\000e\000l\000f\000\050\000\051}{subsection.8.2.3}% 62
\BOOKMARK [1][-]{section.8.3}{\376\377\0008\000.\0003\000\040\000N\000e\000t\000w\000o\000r\000k\000H\000a\000n\000d\000l\000e\000r\000:\000:\000C\000o\000n\000t\000r\000o\000l\000M\000e\000s\000s\000a\000g\000e\000\040\000S\000t\000r\000u\000c\000t\000\040\000R\000e\000f\000e\000r\000e\000n\000c\000e}{chapter.8}% 63
\BOOKMARK [2][-]{subsection.8.3.1}{\376\377\0008\000.\0003\000.\0001\000\040\000D\000e\000t\000a\000i\000l\000e\000d\000\040\000D\000e\000s\000c\000r\000i\000p\000t\000i\000o\000n}{section.8.3}% 64
\BOOKMARK [1][-]{section.8.4}{\376\377\0008\000.\0004\000\040\000C\000o\000n\000t\000r\000o\000l\000M\000e\000s\000s\000a\000g\000e\000Q\000u\000e\000u\000e\000:\000:\000C\000o\000n\000t\000r\000o\000l\000M\000e\000s\000s\000a\000g\000e\000I\000n\000f\000o\000\040\000S\000t\000r\000u\000c\000t\000\040\000R\000e\000f\000e\000r\000e\000n\000c\000e}{chapter.8}% 65
\BOOKMARK [2][-]{subsection.8.4.1}{\376\377\0008\000.\0004\000.\0001\000\040\000D\000e\000t\000a\000i\000l\000e\000d\000\040\000D\000e\000s\000c\000r\000i\000p\000t\000i\000o\000n}{section.8.4}% 66
\BOOKMARK [2][-]{subsection.8.4.2}{\376\377\0008\000.\0004\000.\0002\000\040\000C\000o\000n\000s\000t\000r\000u\000c\000t\000o\000r\000\040\000\046\000\040\000D\000e\000s\000t\000r\000u\000c\000t\000o\000r\000\040\000D\000o\000c\000u\000m\000e\000n\000t\000a\000t\000i\000o\000n}{section.8.4}% 67
\BOOKMARK [3][-]{subsubsection.8.4.2.1}{\376\377\0008\000.\0004\000.\0002\000.\0001\000\040\000C\000o\000n\000t\000r\000o\000l\000M\000e\000s\000s\000a\000g\000e\000I\000n\000f\000o\000\050\000\051}{subsection.8.4.2}% 68
\BOOKMARK [1][-]{section.8.5}{\376\377\0008\000.\0005\000\040\000C\000o\000n\000t\000r\000o\000l\000M\000e\000s\000s\000a\000g\000e\000Q\000u\000e\000u\000e\000\040\000C\000l\000a\000s\000s\000\040\000R\000e\000f\000e\000r\000e\000n\000c\000e}{chapter.8}% 69
\BOOKMARK [2][-]{subsection.8.5.1}{\376\377\0008\000.\0005\000.\0001\000\040\000D\000e\000t\000a\000i\000l\000e\000d\000\040\000D\000e\000s\000c\000r\000i\000p\000t\000i\000o\000n}{section.8.5}% 70
\BOOKMARK [2][-]{subsection.8.5.2}{\376\377\0008\000.\0005\000.\0002\000\040\000M\000e\000m\000b\000e\000r\000\040\000T\000y\000p\000e\000d\000e\000f\000\040\000D\000o\000c\000u\000m\000e\000n\000t\000a\000t\000i\000o\000n}{section.8.5}% 71
\BOOKMARK [3][-]{subsubsection.8.5.2.1}{\376\377\0008\000.\0005\000.\0002\000.\0001\000\040\000C\000o\000n\000t\000r\000o\000l\000M\000e\000s\000s\000a\000g\000e\000I\000n\000f\000o}{subsection.8.5.2}% 72
\BOOKMARK [2][-]{subsection.8.5.3}{\376\377\0008\000.\0005\000.\0003\000\040\000M\000e\000m\000b\000e\000r\000\040\000F\000u\000n\000c\000t\000i\000o\000n\000\040\000D\000o\000c\000u\000m\000e\000n\000t\000a\000t\000i\000o\000n}{section.8.5}% 73
\BOOKMARK [3][-]{subsubsection.8.5.3.1}{\376\377\0008\000.\0005\000.\0003\000.\0001\000\040\000d\000e\000q\000u\000e\000u\000e\000\050\000\051}{subsection.8.5.3}% 74
\BOOKMARK [3][-]{subsubsection.8.5.3.2}{\376\377\0008\000.\0005\000.\0003\000.\0002\000\040\000e\000n\000q\000u\000e\000u\000e\000\050\000\051}{subsection.8.5.3}% 75
\BOOKMARK [3][-]{subsubsection.8.5.3.3}{\376\377\0008\000.\0005\000.\0003\000.\0003\000\040\000h\000a\000s\000C\000h\000a\000n\000g\000e\000d\000\050\000\051}{subsection.8.5.3}% 76
\BOOKMARK [3][-]{subsubsection.8.5.3.4}{\376\377\0008\000.\0005\000.\0003\000.\0004\000\040\000s\000i\000z\000e\000\050\000\051}{subsection.8.5.3}% 77
\BOOKMARK [1][-]{section.8.6}{\376\377\0008\000.\0006\000\040\000D\000e\000v\000i\000c\000e\000I\000n\000p\000u\000t\000\040\000C\000l\000a\000s\000s\000\040\000R\000e\000f\000e\000r\000e\000n\000c\000e}{chapter.8}% 78
\BOOKMARK [2][-]{subsection.8.6.1}{\376\377\0008\000.\0006\000.\0001\000\040\000D\000e\000t\000a\000i\000l\000e\000d\000\040\000D\000e\000s\000c\000r\000i\000p\000t\000i\000o\000n}{section.8.6}% 79
\BOOKMARK [2][-]{subsection.8.6.2}{\376\377\0008\000.\0006\000.\0002\000\040\000C\000o\000n\000s\000t\000r\000u\000c\000t\000o\000r\000\040\000\046\000\040\000D\000e\000s\000t\000r\000u\000c\000t\000o\000r\000\040\000D\000o\000c\000u\000m\000e\000n\000t\000a\000t\000i\000o\000n}{section.8.6}% 80
\BOOKMARK [3][-]{subsubsection.8.6.2.1}{\376\377\0008\000.\0006\000.\0002\000.\0001\000\040\000D\000e\000v\000i\000c\000e\000I\000n\000p\000u\000t\000\050\000\051}{subsection.8.6.2}% 81
\BOOKMARK [3][-]{subsubsection.8.6.2.2}{\376\377\0008\000.\0006\000.\0002\000.\0002\000\040\000\040\000D\000e\000v\000i\000c\000e\000I\000n\000p\000u\000t\000\050\000\051}{subsection.8.6.2}% 82
\BOOKMARK [1][-]{section.8.7}{\376\377\0008\000.\0007\000\040\000D\000i\000s\000p\000l\000a\000y\000\040\000C\000l\000a\000s\000s\000\040\000R\000e\000f\000e\000r\000e\000n\000c\000e}{chapter.8}% 83
\BOOKMARK [2][-]{subsection.8.7.1}{\376\377\0008\000.\0007\000.\0001\000\040\000D\000e\000t\000a\000i\000l\000e\000d\000\040\000D\000e\000s\000c\000r\000i\000p\000t\000i\000o\000n}{section.8.7}% 84
\BOOKMARK [2][-]{subsection.8.7.2}{\376\377\0008\000.\0007\000.\0002\000\040\000C\000o\000n\000s\000t\000r\000u\000c\000t\000o\000r\000\040\000\046\000\040\000D\000e\000s\000t\000r\000u\000c\000t\000o\000r\000\040\000D\000o\000c\000u\000m\000e\000n\000t\000a\000t\000i\000o\000n}{section.8.7}% 85
\BOOKMARK [3][-]{subsubsection.8.7.2.1}{\376\377\0008\000.\0007\000.\0002\000.\0001\000\040\000D\000i\000s\000p\000l\000a\000y\000\050\000\051}{subsection.8.7.2}% 86
\BOOKMARK [2][-]{subsection.8.7.3}{\376\377\0008\000.\0007\000.\0003\000\040\000M\000e\000m\000b\000e\000r\000\040\000F\000u\000n\000c\000t\000i\000o\000n\000\040\000D\000o\000c\000u\000m\000e\000n\000t\000a\000t\000i\000o\000n}{section.8.7}% 87
\BOOKMARK [3][-]{subsubsection.8.7.3.1}{\376\377\0008\000.\0007\000.\0003\000.\0001\000\040\000c\000l\000e\000a\000r\000S\000c\000r\000e\000e\000n\000\050\000\051}{subsection.8.7.3}% 88
\BOOKMARK [3][-]{subsubsection.8.7.3.2}{\376\377\0008\000.\0007\000.\0003\000.\0002\000\040\000h\000a\000n\000d\000l\000e\000I\000n\000p\000u\000t\000\050\000\051}{subsection.8.7.3}% 89
\BOOKMARK [3][-]{subsubsection.8.7.3.3}{\376\377\0008\000.\0007\000.\0003\000.\0003\000\040\000r\000e\000n\000d\000e\000r\000C\000o\000l\000o\000u\000r\000S\000q\000u\000a\000r\000e\000\050\000\051}{subsection.8.7.3}% 90
\BOOKMARK [3][-]{subsubsection.8.7.3.4}{\376\377\0008\000.\0007\000.\0003\000.\0004\000\040\000r\000e\000n\000d\000e\000r\000I\000c\000o\000n\000\050\000\051}{subsection.8.7.3}% 91
\BOOKMARK [3][-]{subsubsection.8.7.3.5}{\376\377\0008\000.\0007\000.\0003\000.\0005\000\040\000r\000e\000n\000d\000e\000r\000R\000e\000c\000t\000a\000n\000g\000l\000e\000\050\000\051}{subsection.8.7.3}% 92
\BOOKMARK [3][-]{subsubsection.8.7.3.6}{\376\377\0008\000.\0007\000.\0003\000.\0006\000\040\000r\000e\000n\000d\000e\000r\000T\000e\000x\000t\000\050\000\051}{subsection.8.7.3}% 93
\BOOKMARK [3][-]{subsubsection.8.7.3.7}{\376\377\0008\000.\0007\000.\0003\000.\0007\000\040\000s\000e\000t\000C\000o\000l\000o\000u\000r\000s\000\050\000\051}{subsection.8.7.3}% 94
\BOOKMARK [3][-]{subsubsection.8.7.3.8}{\376\377\0008\000.\0007\000.\0003\000.\0008\000\040\000s\000e\000t\000F\000o\000n\000t\000\050\000\051}{subsection.8.7.3}% 95
\BOOKMARK [3][-]{subsubsection.8.7.3.9}{\376\377\0008\000.\0007\000.\0003\000.\0009\000\040\000s\000e\000t\000P\000i\000x\000e\000l\000\050\000\051}{subsection.8.7.3}% 96
\BOOKMARK [3][-]{subsubsection.8.7.3.10}{\376\377\0008\000.\0007\000.\0003\000.\0001\0000\000\040\000s\000w\000i\000t\000c\000h\000S\000c\000r\000e\000e\000n\000\050\000\051}{subsection.8.7.3}% 97
\BOOKMARK [3][-]{subsubsection.8.7.3.11}{\376\377\0008\000.\0007\000.\0003\000.\0001\0001\000\040\000t\000e\000x\000t\000W\000i\000d\000t\000h\000\050\000\051}{subsection.8.7.3}% 98
\BOOKMARK [3][-]{subsubsection.8.7.3.12}{\376\377\0008\000.\0007\000.\0003\000.\0001\0002\000\040\000t\000o\000P\000r\000e\000v\000i\000o\000u\000s\000S\000c\000r\000e\000e\000n\000\050\000\051}{subsection.8.7.3}% 99
\BOOKMARK [1][-]{section.8.8}{\376\377\0008\000.\0008\000\040\000f\000o\000n\000t\000\137\000d\000e\000s\000c\000r\000i\000p\000t\000o\000r\000\137\000t\000\040\000S\000t\000r\000u\000c\000t\000\040\000R\000e\000f\000e\000r\000e\000n\000c\000e}{chapter.8}% 100
\BOOKMARK [2][-]{subsection.8.8.1}{\376\377\0008\000.\0008\000.\0001\000\040\000D\000e\000t\000a\000i\000l\000e\000d\000\040\000D\000e\000s\000c\000r\000i\000p\000t\000i\000o\000n}{section.8.8}% 101
\BOOKMARK [1][-]{section.8.9}{\376\377\0008\000.\0009\000\040\000S\000c\000r\000e\000e\000n\000:\000:\000I\000c\000o\000n\000L\000i\000n\000e\000E\000l\000e\000m\000e\000n\000t\000\040\000C\000l\000a\000s\000s\000\040\000R\000e\000f\000e\000r\000e\000n\000c\000e}{chapter.8}% 102
\BOOKMARK [2][-]{subsection.8.9.1}{\376\377\0008\000.\0009\000.\0001\000\040\000D\000e\000t\000a\000i\000l\000e\000d\000\040\000D\000e\000s\000c\000r\000i\000p\000t\000i\000o\000n}{section.8.9}% 103
\BOOKMARK [2][-]{subsection.8.9.2}{\376\377\0008\000.\0009\000.\0002\000\040\000C\000o\000n\000s\000t\000r\000u\000c\000t\000o\000r\000\040\000\046\000\040\000D\000e\000s\000t\000r\000u\000c\000t\000o\000r\000\040\000D\000o\000c\000u\000m\000e\000n\000t\000a\000t\000i\000o\000n}{section.8.9}% 104
\BOOKMARK [3][-]{subsubsection.8.9.2.1}{\376\377\0008\000.\0009\000.\0002\000.\0001\000\040\000I\000c\000o\000n\000L\000i\000n\000e\000E\000l\000e\000m\000e\000n\000t\000\050\000\051\000\040\000[\0001\000/\0002\000]}{subsection.8.9.2}% 105
\BOOKMARK [3][-]{subsubsection.8.9.2.2}{\376\377\0008\000.\0009\000.\0002\000.\0002\000\040\000I\000c\000o\000n\000L\000i\000n\000e\000E\000l\000e\000m\000e\000n\000t\000\050\000\051\000\040\000[\0002\000/\0002\000]}{subsection.8.9.2}% 106
\BOOKMARK [2][-]{subsection.8.9.3}{\376\377\0008\000.\0009\000.\0003\000\040\000M\000e\000m\000b\000e\000r\000\040\000F\000u\000n\000c\000t\000i\000o\000n\000\040\000D\000o\000c\000u\000m\000e\000n\000t\000a\000t\000i\000o\000n}{section.8.9}% 107
\BOOKMARK [3][-]{subsubsection.8.9.3.1}{\376\377\0008\000.\0009\000.\0003\000.\0001\000\040\000r\000e\000n\000d\000e\000r\000S\000e\000l\000f\000\050\000\051}{subsection.8.9.3}% 108
\BOOKMARK [2][-]{subsection.8.9.4}{\376\377\0008\000.\0009\000.\0004\000\040\000M\000e\000m\000b\000e\000r\000\040\000D\000a\000t\000a\000\040\000D\000o\000c\000u\000m\000e\000n\000t\000a\000t\000i\000o\000n}{section.8.9}% 109
\BOOKMARK [3][-]{subsubsection.8.9.4.1}{\376\377\0008\000.\0009\000.\0004\000.\0001\000\040\000s\000c\000a\000l\000e\000E\000x\000p\000o\000n\000e\000n\000t}{subsection.8.9.4}% 110
\BOOKMARK [1][-]{section.8.10}{\376\377\0008\000.\0001\0000\000\040\000L\000i\000g\000h\000t\000U\000n\000i\000t\000\040\000C\000l\000a\000s\000s\000\040\000R\000e\000f\000e\000r\000e\000n\000c\000e}{chapter.8}% 111
\BOOKMARK [2][-]{subsection.8.10.1}{\376\377\0008\000.\0001\0000\000.\0001\000\040\000D\000e\000t\000a\000i\000l\000e\000d\000\040\000D\000e\000s\000c\000r\000i\000p\000t\000i\000o\000n}{section.8.10}% 112
\BOOKMARK [2][-]{subsection.8.10.2}{\376\377\0008\000.\0001\0000\000.\0002\000\040\000C\000o\000n\000s\000t\000r\000u\000c\000t\000o\000r\000\040\000\046\000\040\000D\000e\000s\000t\000r\000u\000c\000t\000o\000r\000\040\000D\000o\000c\000u\000m\000e\000n\000t\000a\000t\000i\000o\000n}{section.8.10}% 113
\BOOKMARK [3][-]{subsubsection.8.10.2.1}{\376\377\0008\000.\0001\0000\000.\0002\000.\0001\000\040\000L\000i\000g\000h\000t\000U\000n\000i\000t\000\050\000\051\000\040\000[\0001\000/\0003\000]}{subsection.8.10.2}% 114
\BOOKMARK [3][-]{subsubsection.8.10.2.2}{\376\377\0008\000.\0001\0000\000.\0002\000.\0002\000\040\000L\000i\000g\000h\000t\000U\000n\000i\000t\000\050\000\051\000\040\000[\0002\000/\0003\000]}{subsection.8.10.2}% 115
\BOOKMARK [3][-]{subsubsection.8.10.2.3}{\376\377\0008\000.\0001\0000\000.\0002\000.\0003\000\040\000L\000i\000g\000h\000t\000U\000n\000i\000t\000\050\000\051\000\040\000[\0003\000/\0003\000]}{subsection.8.10.2}% 116
\BOOKMARK [3][-]{subsubsection.8.10.2.4}{\376\377\0008\000.\0001\0000\000.\0002\000.\0004\000\040\000\040\000L\000i\000g\000h\000t\000U\000n\000i\000t\000\050\000\051}{subsection.8.10.2}% 117
\BOOKMARK [1][-]{section.8.11}{\376\377\0008\000.\0001\0001\000\040\000S\000c\000r\000e\000e\000n\000:\000:\000L\000i\000n\000e\000E\000l\000e\000m\000e\000n\000t\000\040\000C\000l\000a\000s\000s\000\040\000R\000e\000f\000e\000r\000e\000n\000c\000e}{chapter.8}% 118
\BOOKMARK [2][-]{subsection.8.11.1}{\376\377\0008\000.\0001\0001\000.\0001\000\040\000D\000e\000t\000a\000i\000l\000e\000d\000\040\000D\000e\000s\000c\000r\000i\000p\000t\000i\000o\000n}{section.8.11}% 119
\BOOKMARK [2][-]{subsection.8.11.2}{\376\377\0008\000.\0001\0001\000.\0002\000\040\000C\000o\000n\000s\000t\000r\000u\000c\000t\000o\000r\000\040\000\046\000\040\000D\000e\000s\000t\000r\000u\000c\000t\000o\000r\000\040\000D\000o\000c\000u\000m\000e\000n\000t\000a\000t\000i\000o\000n}{section.8.11}% 120
\BOOKMARK [3][-]{subsubsection.8.11.2.1}{\376\377\0008\000.\0001\0001\000.\0002\000.\0001\000\040\000L\000i\000n\000e\000E\000l\000e\000m\000e\000n\000t\000\050\000\051\000\040\000[\0001\000/\0002\000]}{subsection.8.11.2}% 121
\BOOKMARK [3][-]{subsubsection.8.11.2.2}{\376\377\0008\000.\0001\0001\000.\0002\000.\0002\000\040\000L\000i\000n\000e\000E\000l\000e\000m\000e\000n\000t\000\050\000\051\000\040\000[\0002\000/\0002\000]}{subsection.8.11.2}% 122
\BOOKMARK [2][-]{subsection.8.11.3}{\376\377\0008\000.\0001\0001\000.\0003\000\040\000M\000e\000m\000b\000e\000r\000\040\000F\000u\000n\000c\000t\000i\000o\000n\000\040\000D\000o\000c\000u\000m\000e\000n\000t\000a\000t\000i\000o\000n}{section.8.11}% 123
\BOOKMARK [3][-]{subsubsection.8.11.3.1}{\376\377\0008\000.\0001\0001\000.\0003\000.\0001\000\040\000r\000e\000n\000d\000e\000r\000S\000e\000l\000f\000\050\000\051}{subsection.8.11.3}% 124
\BOOKMARK [1][-]{section.8.12}{\376\377\0008\000.\0001\0002\000\040\000L\000i\000s\000t\000S\000c\000r\000e\000e\000n\000\040\000C\000l\000a\000s\000s\000\040\000R\000e\000f\000e\000r\000e\000n\000c\000e}{chapter.8}% 125
\BOOKMARK [2][-]{subsection.8.12.1}{\376\377\0008\000.\0001\0002\000.\0001\000\040\000D\000e\000t\000a\000i\000l\000e\000d\000\040\000D\000e\000s\000c\000r\000i\000p\000t\000i\000o\000n}{section.8.12}% 126
\BOOKMARK [2][-]{subsection.8.12.2}{\376\377\0008\000.\0001\0002\000.\0002\000\040\000C\000o\000n\000s\000t\000r\000u\000c\000t\000o\000r\000\040\000\046\000\040\000D\000e\000s\000t\000r\000u\000c\000t\000o\000r\000\040\000D\000o\000c\000u\000m\000e\000n\000t\000a\000t\000i\000o\000n}{section.8.12}% 127
\BOOKMARK [3][-]{subsubsection.8.12.2.1}{\376\377\0008\000.\0001\0002\000.\0002\000.\0001\000\040\000L\000i\000s\000t\000S\000c\000r\000e\000e\000n\000\050\000\051}{subsection.8.12.2}% 128
\BOOKMARK [1][-]{section.8.13}{\376\377\0008\000.\0001\0003\000\040\000M\000a\000p\000p\000e\000r\000\040\000C\000l\000a\000s\000s\000\040\000R\000e\000f\000e\000r\000e\000n\000c\000e}{chapter.8}% 129
\BOOKMARK [2][-]{subsection.8.13.1}{\376\377\0008\000.\0001\0003\000.\0001\000\040\000D\000e\000t\000a\000i\000l\000e\000d\000\040\000D\000e\000s\000c\000r\000i\000p\000t\000i\000o\000n}{section.8.13}% 130
\BOOKMARK [2][-]{subsection.8.13.2}{\376\377\0008\000.\0001\0003\000.\0002\000\040\000C\000o\000n\000s\000t\000r\000u\000c\000t\000o\000r\000\040\000\046\000\040\000D\000e\000s\000t\000r\000u\000c\000t\000o\000r\000\040\000D\000o\000c\000u\000m\000e\000n\000t\000a\000t\000i\000o\000n}{section.8.13}% 131
\BOOKMARK [3][-]{subsubsection.8.13.2.1}{\376\377\0008\000.\0001\0003\000.\0002\000.\0001\000\040\000M\000a\000p\000p\000e\000r\000\050\000\051}{subsection.8.13.2}% 132
\BOOKMARK [1][-]{section.8.14}{\376\377\0008\000.\0001\0004\000\040\000N\000e\000t\000w\000o\000r\000k\000H\000a\000n\000d\000l\000e\000r\000:\000:\000M\000e\000s\000s\000a\000g\000e\000\040\000S\000t\000r\000u\000c\000t\000\040\000R\000e\000f\000e\000r\000e\000n\000c\000e}{chapter.8}% 133
\BOOKMARK [2][-]{subsection.8.14.1}{\376\377\0008\000.\0001\0004\000.\0001\000\040\000D\000e\000t\000a\000i\000l\000e\000d\000\040\000D\000e\000s\000c\000r\000i\000p\000t\000i\000o\000n}{section.8.14}% 134
\BOOKMARK [1][-]{section.8.15}{\376\377\0008\000.\0001\0005\000\040\000N\000e\000t\000w\000o\000r\000k\000H\000a\000n\000d\000l\000e\000r\000\040\000C\000l\000a\000s\000s\000\040\000R\000e\000f\000e\000r\000e\000n\000c\000e}{chapter.8}% 135
\BOOKMARK [2][-]{subsection.8.15.1}{\376\377\0008\000.\0001\0005\000.\0001\000\040\000D\000e\000t\000a\000i\000l\000e\000d\000\040\000D\000e\000s\000c\000r\000i\000p\000t\000i\000o\000n}{section.8.15}% 136
\BOOKMARK [2][-]{subsection.8.15.2}{\376\377\0008\000.\0001\0005\000.\0002\000\040\000M\000e\000m\000b\000e\000r\000\040\000T\000y\000p\000e\000d\000e\000f\000\040\000D\000o\000c\000u\000m\000e\000n\000t\000a\000t\000i\000o\000n}{section.8.15}% 137
\BOOKMARK [3][-]{subsubsection.8.15.2.1}{\376\377\0008\000.\0001\0005\000.\0002\000.\0001\000\040\000C\000o\000n\000t\000r\000o\000l\000M\000e\000s\000s\000a\000g\000e}{subsection.8.15.2}% 138
\BOOKMARK [2][-]{subsection.8.15.3}{\376\377\0008\000.\0001\0005\000.\0003\000\040\000M\000e\000m\000b\000e\000r\000\040\000F\000u\000n\000c\000t\000i\000o\000n\000\040\000D\000o\000c\000u\000m\000e\000n\000t\000a\000t\000i\000o\000n}{section.8.15}% 139
\BOOKMARK [3][-]{subsubsection.8.15.3.1}{\376\377\0008\000.\0001\0005\000.\0003\000.\0001\000\040\000b\000r\000o\000a\000d\000c\000a\000s\000t\000M\000e\000s\000s\000a\000g\000e\000\050\000\051}{subsection.8.15.3}% 140
\BOOKMARK [3][-]{subsubsection.8.15.3.2}{\376\377\0008\000.\0001\0005\000.\0003\000.\0002\000\040\000b\000r\000o\000a\000d\000c\000a\000s\000t\000U\000n\000i\000t\000\050\000\051}{subsection.8.15.3}% 141
\BOOKMARK [3][-]{subsubsection.8.15.3.3}{\376\377\0008\000.\0001\0005\000.\0003\000.\0003\000\040\000b\000u\000i\000l\000d\000B\000r\000o\000a\000d\000c\000a\000s\000t\000M\000e\000s\000s\000a\000g\000e\000\050\000\051}{subsection.8.15.3}% 142
\BOOKMARK [3][-]{subsubsection.8.15.3.4}{\376\377\0008\000.\0001\0005\000.\0003\000.\0004\000\040\000b\000u\000i\000l\000d\000C\000o\000n\000t\000r\000o\000l\000M\000e\000s\000s\000a\000g\000e\000\050\000\051}{subsection.8.15.3}% 143
\BOOKMARK [3][-]{subsubsection.8.15.3.5}{\376\377\0008\000.\0001\0005\000.\0003\000.\0005\000\040\000r\000e\000c\000i\000e\000v\000e\000M\000e\000s\000s\000a\000g\000e\000\050\000\051}{subsection.8.15.3}% 144
\BOOKMARK [3][-]{subsubsection.8.15.3.6}{\376\377\0008\000.\0001\0005\000.\0003\000.\0006\000\040\000s\000e\000n\000d\000M\000e\000s\000s\000a\000g\000e\000\050\000\051}{subsection.8.15.3}% 145
\BOOKMARK [1][-]{section.8.16}{\376\377\0008\000.\0001\0006\000\040\000N\000e\000t\000w\000o\000r\000k\000H\000a\000n\000d\000l\000e\000r\000:\000:\000R\000e\000c\000i\000e\000v\000e\000d\000M\000e\000s\000s\000a\000g\000e\000\040\000S\000t\000r\000u\000c\000t\000\040\000R\000e\000f\000e\000r\000e\000n\000c\000e}{chapter.8}% 146
\BOOKMARK [2][-]{subsection.8.16.1}{\376\377\0008\000.\0001\0006\000.\0001\000\040\000D\000e\000t\000a\000i\000l\000e\000d\000\040\000D\000e\000s\000c\000r\000i\000p\000t\000i\000o\000n}{section.8.16}% 147
\BOOKMARK [1][-]{section.8.17}{\376\377\0008\000.\0001\0007\000\040\000R\000W\000M\000u\000t\000e\000x\000\040\000C\000l\000a\000s\000s\000\040\000R\000e\000f\000e\000r\000e\000n\000c\000e}{chapter.8}% 148
\BOOKMARK [2][-]{subsection.8.17.1}{\376\377\0008\000.\0001\0007\000.\0001\000\040\000D\000e\000t\000a\000i\000l\000e\000d\000\040\000D\000e\000s\000c\000r\000i\000p\000t\000i\000o\000n}{section.8.17}% 149
\BOOKMARK [2][-]{subsection.8.17.2}{\376\377\0008\000.\0001\0007\000.\0002\000\040\000M\000e\000m\000b\000e\000r\000\040\000F\000u\000n\000c\000t\000i\000o\000n\000\040\000D\000o\000c\000u\000m\000e\000n\000t\000a\000t\000i\000o\000n}{section.8.17}% 150
\BOOKMARK [3][-]{subsubsection.8.17.2.1}{\376\377\0008\000.\0001\0007\000.\0002\000.\0001\000\040\000l\000o\000c\000k\000R\000e\000a\000d\000\050\000\051}{subsection.8.17.2}% 151
\BOOKMARK [3][-]{subsubsection.8.17.2.2}{\376\377\0008\000.\0001\0007\000.\0002\000.\0002\000\040\000l\000o\000c\000k\000W\000r\000i\000t\000e\000\050\000\051}{subsection.8.17.2}% 152
\BOOKMARK [3][-]{subsubsection.8.17.2.3}{\376\377\0008\000.\0001\0007\000.\0002\000.\0003\000\040\000u\000n\000l\000o\000c\000k\000R\000e\000a\000d\000\050\000\051}{subsection.8.17.2}% 153
\BOOKMARK [1][-]{section.8.18}{\376\377\0008\000.\0001\0008\000\040\000S\000c\000r\000e\000e\000n\000\040\000C\000l\000a\000s\000s\000\040\000R\000e\000f\000e\000r\000e\000n\000c\000e}{chapter.8}% 154
\BOOKMARK [2][-]{subsection.8.18.1}{\376\377\0008\000.\0001\0008\000.\0001\000\040\000D\000e\000t\000a\000i\000l\000e\000d\000\040\000D\000e\000s\000c\000r\000i\000p\000t\000i\000o\000n}{section.8.18}% 155
\BOOKMARK [2][-]{subsection.8.18.2}{\376\377\0008\000.\0001\0008\000.\0002\000\040\000C\000o\000n\000s\000t\000r\000u\000c\000t\000o\000r\000\040\000\046\000\040\000D\000e\000s\000t\000r\000u\000c\000t\000o\000r\000\040\000D\000o\000c\000u\000m\000e\000n\000t\000a\000t\000i\000o\000n}{section.8.18}% 156
\BOOKMARK [3][-]{subsubsection.8.18.2.1}{\376\377\0008\000.\0001\0008\000.\0002\000.\0001\000\040\000S\000c\000r\000e\000e\000n\000\050\000\051}{subsection.8.18.2}% 157
\BOOKMARK [2][-]{subsection.8.18.3}{\376\377\0008\000.\0001\0008\000.\0003\000\040\000M\000e\000m\000b\000e\000r\000\040\000F\000u\000n\000c\000t\000i\000o\000n\000\040\000D\000o\000c\000u\000m\000e\000n\000t\000a\000t\000i\000o\000n}{section.8.18}% 158
\BOOKMARK [3][-]{subsubsection.8.18.3.1}{\376\377\0008\000.\0001\0008\000.\0003\000.\0001\000\040\000r\000e\000n\000d\000e\000r\000L\000i\000n\000e\000\050\000\051\000\040\000[\0001\000/\0002\000]}{subsection.8.18.3}% 159
\BOOKMARK [3][-]{subsubsection.8.18.3.2}{\376\377\0008\000.\0001\0008\000.\0003\000.\0002\000\040\000r\000e\000n\000d\000e\000r\000L\000i\000n\000e\000\050\000\051\000\040\000[\0002\000/\0002\000]}{subsection.8.18.3}% 160
\BOOKMARK [3][-]{subsubsection.8.18.3.3}{\376\377\0008\000.\0001\0008\000.\0003\000.\0003\000\040\000r\000e\000n\000d\000e\000r\000N\000a\000g\000i\000v\000a\000t\000i\000o\000n\000L\000i\000n\000e\000\050\000\051}{subsection.8.18.3}% 161
\BOOKMARK [1][-]{section.8.19}{\376\377\0008\000.\0001\0009\000\040\000S\000c\000r\000e\000e\000n\000:\000:\000S\000p\000a\000c\000e\000L\000i\000n\000e\000E\000l\000e\000m\000e\000n\000t\000\040\000C\000l\000a\000s\000s\000\040\000R\000e\000f\000e\000r\000e\000n\000c\000e}{chapter.8}% 162
\BOOKMARK [2][-]{subsection.8.19.1}{\376\377\0008\000.\0001\0009\000.\0001\000\040\000D\000e\000t\000a\000i\000l\000e\000d\000\040\000D\000e\000s\000c\000r\000i\000p\000t\000i\000o\000n}{section.8.19}% 163
\BOOKMARK [2][-]{subsection.8.19.2}{\376\377\0008\000.\0001\0009\000.\0002\000\040\000C\000o\000n\000s\000t\000r\000u\000c\000t\000o\000r\000\040\000\046\000\040\000D\000e\000s\000t\000r\000u\000c\000t\000o\000r\000\040\000D\000o\000c\000u\000m\000e\000n\000t\000a\000t\000i\000o\000n}{section.8.19}% 164
\BOOKMARK [3][-]{subsubsection.8.19.2.1}{\376\377\0008\000.\0001\0009\000.\0002\000.\0001\000\040\000S\000p\000a\000c\000e\000L\000i\000n\000e\000E\000l\000e\000m\000e\000n\000t\000\050\000\051}{subsection.8.19.2}% 165
\BOOKMARK [2][-]{subsection.8.19.3}{\376\377\0008\000.\0001\0009\000.\0003\000\040\000M\000e\000m\000b\000e\000r\000\040\000F\000u\000n\000c\000t\000i\000o\000n\000\040\000D\000o\000c\000u\000m\000e\000n\000t\000a\000t\000i\000o\000n}{section.8.19}% 166
\BOOKMARK [3][-]{subsubsection.8.19.3.1}{\376\377\0008\000.\0001\0009\000.\0003\000.\0001\000\040\000r\000e\000n\000d\000e\000r\000S\000e\000l\000f\000\050\000\051}{subsection.8.19.3}% 167
\BOOKMARK [1][-]{section.8.20}{\376\377\0008\000.\0002\0000\000\040\000S\000c\000r\000e\000e\000n\000:\000:\000T\000e\000x\000t\000L\000i\000n\000e\000E\000l\000e\000m\000e\000n\000t\000\040\000C\000l\000a\000s\000s\000\040\000R\000e\000f\000e\000r\000e\000n\000c\000e}{chapter.8}% 168
\BOOKMARK [2][-]{subsection.8.20.1}{\376\377\0008\000.\0002\0000\000.\0001\000\040\000D\000e\000t\000a\000i\000l\000e\000d\000\040\000D\000e\000s\000c\000r\000i\000p\000t\000i\000o\000n}{section.8.20}% 169
\BOOKMARK [2][-]{subsection.8.20.2}{\376\377\0008\000.\0002\0000\000.\0002\000\040\000C\000o\000n\000s\000t\000r\000u\000c\000t\000o\000r\000\040\000\046\000\040\000D\000e\000s\000t\000r\000u\000c\000t\000o\000r\000\040\000D\000o\000c\000u\000m\000e\000n\000t\000a\000t\000i\000o\000n}{section.8.20}% 170
\BOOKMARK [3][-]{subsubsection.8.20.2.1}{\376\377\0008\000.\0002\0000\000.\0002\000.\0001\000\040\000T\000e\000x\000t\000L\000i\000n\000e\000E\000l\000e\000m\000e\000n\000t\000\050\000\051\000\040\000[\0001\000/\0002\000]}{subsection.8.20.2}% 171
\BOOKMARK [3][-]{subsubsection.8.20.2.2}{\376\377\0008\000.\0002\0000\000.\0002\000.\0002\000\040\000T\000e\000x\000t\000L\000i\000n\000e\000E\000l\000e\000m\000e\000n\000t\000\050\000\051\000\040\000[\0002\000/\0002\000]}{subsection.8.20.2}% 172
\BOOKMARK [2][-]{subsection.8.20.3}{\376\377\0008\000.\0002\0000\000.\0003\000\040\000M\000e\000m\000b\000e\000r\000\040\000F\000u\000n\000c\000t\000i\000o\000n\000\040\000D\000o\000c\000u\000m\000e\000n\000t\000a\000t\000i\000o\000n}{section.8.20}% 173
\BOOKMARK [3][-]{subsubsection.8.20.3.1}{\376\377\0008\000.\0002\0000\000.\0003\000.\0001\000\040\000r\000e\000n\000d\000e\000r\000S\000e\000l\000f\000\050\000\051}{subsection.8.20.3}% 174
\BOOKMARK [1][-]{section.8.21}{\376\377\0008\000.\0002\0001\000\040\000U\000n\000i\000t\000S\000c\000r\000e\000e\000n\000\040\000C\000l\000a\000s\000s\000\040\000R\000e\000f\000e\000r\000e\000n\000c\000e}{chapter.8}% 175
\BOOKMARK [2][-]{subsection.8.21.1}{\376\377\0008\000.\0002\0001\000.\0001\000\040\000D\000e\000t\000a\000i\000l\000e\000d\000\040\000D\000e\000s\000c\000r\000i\000p\000t\000i\000o\000n}{section.8.21}% 176
\BOOKMARK [2][-]{subsection.8.21.2}{\376\377\0008\000.\0002\0001\000.\0002\000\040\000C\000o\000n\000s\000t\000r\000u\000c\000t\000o\000r\000\040\000\046\000\040\000D\000e\000s\000t\000r\000u\000c\000t\000o\000r\000\040\000D\000o\000c\000u\000m\000e\000n\000t\000a\000t\000i\000o\000n}{section.8.21}% 177
\BOOKMARK [3][-]{subsubsection.8.21.2.1}{\376\377\0008\000.\0002\0001\000.\0002\000.\0001\000\040\000U\000n\000i\000t\000S\000c\000r\000e\000e\000n\000\050\000\051}{subsection.8.21.2}% 178
